

============================== 2023-01-11 07:47:31.967239 | c6e1e806-1ca2-443f-8c97-b880cd973c9f ==============================
[0m07:47:31.967762 [info ] [MainThread]: Running with dbt=1.3.2
[0m07:47:31.970672 [debug] [MainThread]: running dbt with arguments {'write_json': True, 'use_colors': True, 'printer_width': 80, 'version_check': True, 'partial_parse': True, 'static_parser': True, 'profiles_dir': 'C:\\Users\\bijin\\.dbt', 'send_anonymous_usage_stats': True, 'event_buffer_size': 100000, 'quiet': False, 'no_print': False, 'cache_selected_only': False, 'project_name': 'new_project', 'skip_profile_setup': False, 'which': 'init', 'indirect_selection': 'eager'}
[0m07:47:31.971356 [debug] [MainThread]: Tracking: tracking
[0m07:47:32.020670 [debug] [MainThread]: Sending event: {'category': 'dbt', 'action': 'invocation', 'label': 'start', 'context': [<snowplow_tracker.self_describing_json.SelfDescribingJson object at 0x00000219DC3C3C70>, <snowplow_tracker.self_describing_json.SelfDescribingJson object at 0x00000219DC3C3850>, <snowplow_tracker.self_describing_json.SelfDescribingJson object at 0x00000219DC3C3DC0>]}
[0m07:47:32.027208 [debug] [MainThread]: Starter project path: C:\Users\bijin\AppData\Local\Programs\Python\Python310\lib\site-packages\dbt\include\starter_project
[0m07:50:35.357953 [info ] [MainThread]: Profile new_project written to C:\Users\bijin\.dbt\profiles.yml using target's profile_template.yml and your supplied values. Run 'dbt debug' to validate the connection.
[0m07:50:35.383261 [info ] [MainThread]: 
Your new dbt project "new_project" was created!

For more information on how to configure the profiles.yml file,
please consult the dbt documentation here:

  https://docs.getdbt.com/docs/configure-your-profile

One more thing:

Need help? Don't hesitate to reach out to us via GitHub issues or on Slack:

  https://community.getdbt.com/

Happy modeling!

[0m07:50:35.398389 [debug] [MainThread]: Sending event: {'category': 'dbt', 'action': 'invocation', 'label': 'end', 'context': [<snowplow_tracker.self_describing_json.SelfDescribingJson object at 0x00000219DC3F6E90>, <snowplow_tracker.self_describing_json.SelfDescribingJson object at 0x00000219DC3C3D60>, <snowplow_tracker.self_describing_json.SelfDescribingJson object at 0x00000219DC3C3E50>]}
[0m07:50:35.405623 [debug] [MainThread]: Flushing usage events


============================== 2023-01-13 06:53:29.653518 | b0a70d11-c079-4489-85b7-7cc2cf027211 ==============================
[0m06:53:29.653518 [info ] [MainThread]: Running with dbt=1.3.2
[0m06:53:29.663400 [debug] [MainThread]: running dbt with arguments {'write_json': True, 'use_colors': True, 'printer_width': 80, 'version_check': True, 'partial_parse': True, 'static_parser': True, 'profiles_dir': 'C:\\Users\\bijin\\.dbt', 'send_anonymous_usage_stats': True, 'event_buffer_size': 100000, 'quiet': False, 'no_print': False, 'cache_selected_only': False, 'project_name': 'T67', 'skip_profile_setup': False, 'which': 'init', 'indirect_selection': 'eager'}
[0m06:53:29.664653 [debug] [MainThread]: Tracking: tracking
[0m06:53:29.691629 [debug] [MainThread]: Sending event: {'category': 'dbt', 'action': 'invocation', 'label': 'start', 'context': [<snowplow_tracker.self_describing_json.SelfDescribingJson object at 0x000002BC91233C70>, <snowplow_tracker.self_describing_json.SelfDescribingJson object at 0x000002BC91233850>, <snowplow_tracker.self_describing_json.SelfDescribingJson object at 0x000002BC91233DC0>]}
[0m06:53:29.695040 [debug] [MainThread]: Starter project path: C:\Users\bijin\AppData\Local\Programs\Python\Python310\lib\site-packages\dbt\include\starter_project
[0m06:56:36.873242 [info ] [MainThread]: Profile T67 written to C:\Users\bijin\.dbt\profiles.yml using target's profile_template.yml and your supplied values. Run 'dbt debug' to validate the connection.
[0m06:56:36.882724 [info ] [MainThread]: 
Your new dbt project "T67" was created!

For more information on how to configure the profiles.yml file,
please consult the dbt documentation here:

  https://docs.getdbt.com/docs/configure-your-profile

One more thing:

Need help? Don't hesitate to reach out to us via GitHub issues or on Slack:

  https://community.getdbt.com/

Happy modeling!

[0m06:56:36.891626 [debug] [MainThread]: Sending event: {'category': 'dbt', 'action': 'invocation', 'label': 'end', 'context': [<snowplow_tracker.self_describing_json.SelfDescribingJson object at 0x000002BC91233E50>, <snowplow_tracker.self_describing_json.SelfDescribingJson object at 0x000002BC91233C70>, <snowplow_tracker.self_describing_json.SelfDescribingJson object at 0x000002BC91266F80>]}
[0m06:56:36.891626 [debug] [MainThread]: Flushing usage events
